


ARM Macro Assembler    Page 1 


    1 00000000                 AREA             Lotto, CODE, READONLY
    2 00000000                 IMPORT           main
    3 00000000                 EXPORT           start
    4 00000000         
    5 00000000         start
    6 00000000 E59F10CC        LDR              R1, =TICKETS ; adrT = memory.ad
                                                            dress(TICKETS)
    7 00000004 E59F20CC        LDR              R2, =COUNT  ;  nTix = memory.ad
                                                            dress(COUNT)
    8 00000008 E59F30CC        LDR              R3, =DRAW   ; adrDraw = memory.
                                                            address(DRAW)
    9 0000000C         
   10 0000000C E5922000        LDR              R2, [R2]    ; nTix = memory.wor
                                                            d[COUNT]
   11 00000010 E3A00006        MOV              R0, #6      ; tmp = 6
   12 00000014 E0020290        MUL              R2, R0, R2  ; nTotal = nTix * 6
                                                            
   13 00000018 E3A0A000        LDR              R10,=0      ; cTix = 0
   14 0000001C E3A09000        MOV              R9, #0      ;
   15 00000020         wh1
   16 00000020 E15A0002        CMP              R10, R2     ; while(cTix < nTix
                                                            ){
   17 00000024 2A000029        BHS              ewh2        ;
   18 00000028 E5D14000        LDRB             R4, [R1]    ; eTix=[adrT]
   19 0000002C E2811001        ADD              R1, R1, #1  ; adrT++
   20 00000030 E28AA001        ADD              R10, R10, #1 ; cTix++
   21 00000034         
   22 00000034 E59F30A0        LDR              R3, =DRAW   ; adrDraw = memory.
                                                            address(DRAW)
   23 00000038 E3A0B000        LDR              R11,=0      ; cD = 0
   24 0000003C         wh2
   25 0000003C E35B0006        CMP              R11, #6     ; while(cD < 6)
   26 00000040 2A000006        BHS              endwh2      ;{
   27 00000044 E5D35000        LDRB             R5, [R3]    ; eD = [adrD]
   28 00000048 E28BB001        ADD              R11, R11, #1 ; cD++
   29 0000004C E2833001        ADD              R3, R3, #1  ; adrD++
   30 00000050         
   31 00000050 E1550004        CMP              R5, R4      ; if(eD == eT)
   32 00000054 1A000000        BNE              endif1      ; {
   33 00000058 E2899001        ADD              R9, R9, #1  ; Total++ }
   34 0000005C         endif1
   35 0000005C EAFFFFF6        B                wh2         ; }
   36 00000060         endwh2
   37 00000060         
   38 00000060 E1A0700A        MOV              R7, R10     ; remainder = cTix
   39 00000064 E3A08006        MOV              R8, #6      ; b = 6
   40 00000068         
   41 00000068         whRemainder
   42 00000068 E1570008        CMP              R7, R8      ; 
   43 0000006C BA000001        BLT              ewhRemain   ; while (remainder 
                                                            >= b) {
   44 00000070 E0477008        SUB              R7, R7, R8  ; remainder = remai
                                                            nder - b
   45 00000074 EAFFFFFB        B                whRemainder ; }
   46 00000078         ewhRemain
   47 00000078         
   48 00000078 E3570000        CMP              R7, #0      ; if(cTix % 6 == 0)
                                                            
   49 0000007C 1A000012        BNE              skipif      ;{



ARM Macro Assembler    Page 2 


   50 00000080         
   51 00000080 E3590004        CMP              R9, #4
   52 00000084 1A000003        BNE              skip4
   53 00000088 E59F0050        LDR              R0, =MATCH4 ;
   54 0000008C E590C000        LDR              R12, [R0]   ;
   55 00000090 E28CC001        ADD              R12, R12, #1 ;
   56 00000094 E580C000        STR              R12, [R0]   ;
   57 00000098         skip4
   58 00000098 E3590005        CMP              R9, #5
   59 0000009C 1A000003        BNE              skip5
   60 000000A0 E59F003C        LDR              R0, =MATCH5 ;
   61 000000A4 E590C000        LDR              R12, [R0]   ;
   62 000000A8 E28CC001        ADD              R12, R12, #1 ;
   63 000000AC E580C000        STR              R12, [R0]   ;
   64 000000B0         skip5
   65 000000B0 E3590006        CMP              R9, #6      ;
   66 000000B4 1A000003        BNE              skip6
   67 000000B8 E59F0028        LDR              R0, =MATCH6 ;
   68 000000BC E590C000        LDR              R12, [R0]   ;
   69 000000C0 E28CC001        ADD              R12, R12, #1 ;
   70 000000C4 E580C000        STR              R12, [R0]   ; 
   71 000000C8         skip6
   72 000000C8 E3A09000        MOV              R9, #0      ;
   73 000000CC         skipif                               ; }
   74 000000CC EAFFFFD3        B                wh1         ; }
   75 000000D0         ewh2
   76 000000D0 EAFFFFFE 
                       stop    B                stop
   77 000000D4         
   78 000000D4         
   79 000000D4         
   80 000000D4 00000000 
              00000000 
              00000000 
              00000000 
              00000000 
              00000000 
              00000000         AREA             TestData, DATA, READWRITE
   81 00000000         
   82 00000000 00000003 
                       COUNT   DCD              3           ; Number of Tickets
                                                            
   83 00000004 03 08 0B 
              15 16 1F TICKETS DCB              3, 8, 11, 21, 22, 31 ; Tickets
   84 0000000A 07 17 19 
              1C 1D 20         DCB              7, 23, 25, 28, 29, 32
   85 00000010 0A 0B 0C 
              16 1A 1E         DCB              10, 11, 12, 22, 26, 30
   86 00000016         
   87 00000016         
   88 00000016 0A 0B 0C 
              16 1A 1E DRAW    DCB              10, 11, 12, 22, 26, 30 
                                                            ; Lottery Draw
   89 0000001C         
   90 0000001C 00000000 
                       MATCH4  DCD              0
   91 00000020 00000000 
                       MATCH5  DCD              0
   92 00000024 00000000 



ARM Macro Assembler    Page 3 


                       MATCH6  DCD              0
   93 00000028         
   94 00000028                 END
Command Line: --debug --xref --diag_suppress=9931 --apcs=interwork --depend=.\l
otto.d -o.\lotto.o -IC:\Keil_v5\ARM\RV31\INC -IC:\Keil_v5\ARM\CMSIS\Include -IC
:\Keil_v5\ARM\INC\Philips --predefine="__EVAL SETA 1" --predefine="__MICROLIB S
ETA 1" --predefine="__UVISION_VERSION SETA 524" --predefine="NO_CLOCK_SETUP SET
A 1" --predefine="NO_EMC_SETUP SETA 1" --predefine="RAM_INTVEC SETA 1" --predef
ine="RAM_MODE SETA 1" --predefine="REMAP SETA 1" --list=.\lotto.lst Lotto.s



ARM Macro Assembler    Page 1 Alphabetic symbol ordering
Relocatable symbols

Lotto 00000000

Symbol: Lotto
   Definitions
      At line 1 in file Lotto.s
   Uses
      None
Comment: Lotto unused
endif1 0000005C

Symbol: endif1
   Definitions
      At line 34 in file Lotto.s
   Uses
      At line 32 in file Lotto.s
Comment: endif1 used once
endwh2 00000060

Symbol: endwh2
   Definitions
      At line 36 in file Lotto.s
   Uses
      At line 26 in file Lotto.s
Comment: endwh2 used once
ewh2 000000D0

Symbol: ewh2
   Definitions
      At line 75 in file Lotto.s
   Uses
      At line 17 in file Lotto.s
Comment: ewh2 used once
ewhRemain 00000078

Symbol: ewhRemain
   Definitions
      At line 46 in file Lotto.s
   Uses
      At line 43 in file Lotto.s
Comment: ewhRemain used once
skip4 00000098

Symbol: skip4
   Definitions
      At line 57 in file Lotto.s
   Uses
      At line 52 in file Lotto.s
Comment: skip4 used once
skip5 000000B0

Symbol: skip5
   Definitions
      At line 64 in file Lotto.s
   Uses
      At line 59 in file Lotto.s
Comment: skip5 used once
skip6 000000C8

Symbol: skip6



ARM Macro Assembler    Page 2 Alphabetic symbol ordering
Relocatable symbols

   Definitions
      At line 71 in file Lotto.s
   Uses
      At line 66 in file Lotto.s
Comment: skip6 used once
skipif 000000CC

Symbol: skipif
   Definitions
      At line 73 in file Lotto.s
   Uses
      At line 49 in file Lotto.s
Comment: skipif used once
start 00000000

Symbol: start
   Definitions
      At line 5 in file Lotto.s
   Uses
      At line 3 in file Lotto.s
Comment: start used once
stop 000000D0

Symbol: stop
   Definitions
      At line 76 in file Lotto.s
   Uses
      At line 76 in file Lotto.s
Comment: stop used once
wh1 00000020

Symbol: wh1
   Definitions
      At line 15 in file Lotto.s
   Uses
      At line 74 in file Lotto.s
Comment: wh1 used once
wh2 0000003C

Symbol: wh2
   Definitions
      At line 24 in file Lotto.s
   Uses
      At line 35 in file Lotto.s
Comment: wh2 used once
whRemainder 00000068

Symbol: whRemainder
   Definitions
      At line 41 in file Lotto.s
   Uses
      At line 45 in file Lotto.s
Comment: whRemainder used once
14 symbols



ARM Macro Assembler    Page 1 Alphabetic symbol ordering
Relocatable symbols

COUNT 00000000

Symbol: COUNT
   Definitions
      At line 82 in file Lotto.s
   Uses
      At line 7 in file Lotto.s
Comment: COUNT used once
DRAW 00000016

Symbol: DRAW
   Definitions
      At line 88 in file Lotto.s
   Uses
      At line 8 in file Lotto.s
      At line 22 in file Lotto.s

MATCH4 0000001C

Symbol: MATCH4
   Definitions
      At line 90 in file Lotto.s
   Uses
      At line 53 in file Lotto.s
Comment: MATCH4 used once
MATCH5 00000020

Symbol: MATCH5
   Definitions
      At line 91 in file Lotto.s
   Uses
      At line 60 in file Lotto.s
Comment: MATCH5 used once
MATCH6 00000024

Symbol: MATCH6
   Definitions
      At line 92 in file Lotto.s
   Uses
      At line 67 in file Lotto.s
Comment: MATCH6 used once
TICKETS 00000004

Symbol: TICKETS
   Definitions
      At line 83 in file Lotto.s
   Uses
      At line 6 in file Lotto.s
Comment: TICKETS used once
TestData 00000000

Symbol: TestData
   Definitions
      At line 80 in file Lotto.s
   Uses
      None
Comment: TestData unused
7 symbols



ARM Macro Assembler    Page 1 Alphabetic symbol ordering
External symbols

main 00000000

Symbol: main
   Definitions
      At line 2 in file Lotto.s
   Uses
      None
Comment: main unused
1 symbol
362 symbols in table
