petits@lg12-30:~/Documents/cs2016/lab1$ cc -o sum sumofhellos.c -pthread
sumofhellos.c: In function ‘PrintHello’:
sumofhellos.c:14:16: warning: format ‘%d’ expects argument of type ‘int’, but argument 2 has type ‘void *’ [-Wformat=]
     printf("\n%d: Hello World, from %s!\n",threadid,USERNAME );
               ~^
               %p
sumofhellos.c: In function ‘main’:
sumofhellos.c:25:57: warning: cast to pointer from integer of different size [-Wint-to-pointer-cast]
         rc = pthread_create(&threads[t],NULL,PrintHello,(void *)t);
                                                         ^
petits@lg12-30:~/Documents/cs2016/lab1$ ./sum
Creating thread 0
Creating thread 1

0: Hello World, from petits!
Creating thread 2

1: Hello World, from petits!

2: Hello World, from petits!
Creating thread 3
Creating thread 4

3: Hello World, from petits!
Creating thread 5

4: Hello World, from petits!

5: Hello World, from petits!

All threads done by petits, x = 50

