Vivado Simulator 2018.3
Copyright 1986-1999, 2001-2018 Xilinx, Inc. All Rights Reserved.
Running: C:/Xilinx/Vivado/2018.3/bin/unwrapped/win64.o/xelab.exe -wto 3da559a3d3fd43e1806783c4d4dcc0c0 --incr --debug typical --relax --mt 2 -L xil_defaultlib -L secureip --snapshot register_file_tb_behav xil_defaultlib.register_file_tb -log elaborate.log 
Using 2 slave threads.
Starting static elaboration
Completed static elaboration
Starting simulation data flow analysis
Completed simulation data flow analysis
Time Resolution for simulation is 1ps
Compiling package std.standard
Compiling package std.textio
Compiling package ieee.std_logic_1164
Compiling package ieee.std_logic_arith
Compiling package ieee.std_logic_unsigned
Compiling architecture behavioral of entity xil_defaultlib.register16 [register16_default]
Compiling architecture behavioral of entity xil_defaultlib.decoder3_8 [decoder3_8_default]
Compiling architecture behavioral of entity xil_defaultlib.multiplexer2_4 [multiplexer2_4_default]
Compiling architecture behavioral of entity xil_defaultlib.multiplexer8 [multiplexer8_default]
Compiling architecture behavioral of entity xil_defaultlib.register_file [register_file_default]
Compiling architecture behavior of entity xil_defaultlib.register_file_tb
Built simulation snapshot register_file_tb_behav
