


ARM Macro Assembler    Page 1 


    1 00000000                 AREA             Flags2, CODE, READONLY
    2 00000000                 IMPORT           main
    3 00000000                 EXPORT           start
    4 00000000         
    5 00000000         start
    6 00000000         ;(i) N = 0; Z = 0; C = 0; V = 0
    7 00000000 E3A00202        LDR              R0, = 0x20000000 ;
    8 00000004 E3A01201        LDR              R1, = 0x10000000 ;
    9 00000008 E0912000        ADDS             R2, R1, R0  ;
   10 0000000C         
   11 0000000C         ;(ii) N = 1; Z = 0; C = 0; V = 0
   12 0000000C E3A00102        LDR              R0, = 0x80000000 ;
   13 00000010 E3A01201        LDR              R1, = 0x10000000 ;
   14 00000014 E0912000        ADDS             R2, R1, R0  ;
   15 00000018         
   16 00000018         ;(iii) N = 0; Z = 0; C = 1; V = 0
   17 00000018 E3A00103        LDR              R0, = 0xC0000000 ;
   18 0000001C E3A01205        LDR              R1, = 0x50000000 ;
   19 00000020 E0912000        ADDS             R2, R1, R0  ;
   20 00000024         
   21 00000024         ;(iv) N = 1; Z = 0; C = 1; V = 0
   22 00000024 E3A0020D        LDR              R0, = 0xD0000000 ;
   23 00000028 E3A01103        LDR              R1, = 0xC0000000 ;
   24 0000002C E0912000        ADDS             R2, R1, R0  ;
   25 00000030         
   26 00000030         ;(v) N = 0; Z = 1; C = 1; V = 0
   27 00000030 E3A00205        LDR              R0, = 0x50000000 ;
   28 00000034 E3A0120B        LDR              R1, = 0xB0000000 ;
   29 00000038 E0912000        ADDS             R2, R1, R0  ;
   30 0000003C         
   31 0000003C         ;(vi) N = 0; Z = 1; C = 0; V = 0
   32 0000003C E3A00000        LDR              R0, = 0x00000000 ;
   33 00000040 E3A01000        LDR              R1, = 0x00000000 ;
   34 00000044 E0912000        ADDS             R2, R1, R0  ;
   35 00000048         
   36 00000048         ;(vii) N = 1; Z = 0; C = 0; V = 1
   37 00000048 E3A00205        LDR              R0, = 0x50000000 ;
   38 0000004C E3A01205        LDR              R1, = 0x50000000 ;
   39 00000050 E0912000        ADDS             R2, R1, R0  ;
   40 00000054         
   41 00000054         ;(viii) N = 0; Z = 0; C = 1; V = 1
   42 00000054 E3A0020B        LDR              R0, =  0xB0000000 ;
   43 00000058 E3A01103        LDR              R1, =  0xC0000000 ;
   44 0000005C E0912000        ADDS             R2, R1, R0  ;
   45 00000060         
   46 00000060         ;(ix) N = 0; Z = 1; C = 1; V = 1
   47 00000060         
   48 00000060 E3A00102        LDR              R0, = 0x80000000 ;
   49 00000064 E3A01102        LDR              R1, = 0x80000000 ;
   50 00000068 E0912000        ADDS             R2, R1, R0  ;
   51 0000006C         
   52 0000006C         
   53 0000006C EAFFFFFE 
                       stop    B                stop
   54 00000070         
   55 00000070                 END
Command Line: --debug --xref --diag_suppress=9931 --apcs=interwork --depend=.\f
lags2.d -o.\flags2.o -IC:\Keil_v5\ARM\RV31\INC -IC:\Keil_v5\ARM\CMSIS\Include -
IC:\Keil_v5\ARM\INC\Philips --predefine="__EVAL SETA 1" --predefine="__MICROLIB



ARM Macro Assembler    Page 2 


 SETA 1" --predefine="__UVISION_VERSION SETA 524" --predefine="NO_CLOCK_SETUP S
ETA 1" --predefine="NO_EMC_SETUP SETA 1" --predefine="RAM_INTVEC SETA 1" --pred
efine="RAM_MODE SETA 1" --predefine="REMAP SETA 1" --list=.\flags2.lst Flags2.s



ARM Macro Assembler    Page 1 Alphabetic symbol ordering
Relocatable symbols

Flags2 00000000

Symbol: Flags2
   Definitions
      At line 1 in file Flags2.s
   Uses
      None
Comment: Flags2 unused
start 00000000

Symbol: start
   Definitions
      At line 5 in file Flags2.s
   Uses
      At line 3 in file Flags2.s
Comment: start used once
stop 0000006C

Symbol: stop
   Definitions
      At line 53 in file Flags2.s
   Uses
      At line 53 in file Flags2.s
Comment: stop used once
3 symbols



ARM Macro Assembler    Page 1 Alphabetic symbol ordering
External symbols

main 00000000

Symbol: main
   Definitions
      At line 2 in file Flags2.s
   Uses
      None
Comment: main unused
1 symbol
342 symbols in table
