


ARM Macro Assembler    Page 1 


    1 00000000                 AREA             StringReverse, CODE, READONLY
    2 00000000                 IMPORT           main
    3 00000000                 IMPORT           sendchar
    4 00000000                 EXPORT           start
    5 00000000         
    6 00000000         start
    7 00000000 E59F1064        LDR              R1, =strSrc ; address1 = addres
                                                            s of first value
    8 00000004 E59F2064        LDR              R2, =strDst ;address2 = address
                                                             of first value
    9 00000008 E3A00000        MOV              R0, #0      ; count = 0
   10 0000000C         
   11 0000000C         whl
   12 0000000C E5D13000        LDRB             R3, [R1]    ; while(value != 0)
                                                            {
   13 00000010 E3530000        CMP              R3, #0      ;value = Memory.byt
                                                            e[address1]
   14 00000014 0A000002        BEQ              endwhl      ;
   15 00000018 E2800001        ADD              R0, R0, #1  ; count += 1
   16 0000001C E2811001        ADD              R1, R1, #1  ; address1 += 1 }
   17 00000020 EAFFFFF9        B                whl         ;
   18 00000024         endwhl
   19 00000024         
   20 00000024         whlReversing
   21 00000024 E3500000        CMP              R0, #0      ; while(count != 0)
                                                            {
   22 00000028 0A000005        BEQ              endReverse  ;
   23 0000002C         
   24 0000002C E2400001        SUB              R0, R0, #1  ;count -= 1
   25 00000030 E2411001        SUB              R1, R1, #1  ;address1 -= 1
   26 00000034         
   27 00000034 E5D13000        LDRB             R3, [R1]    ; value = Memory.by
                                                            te[address1]
   28 00000038 E5C23000        STRB             R3, [R2]    ; Memory.byte[addre
                                                            ss2] = value
   29 0000003C         
   30 0000003C E2822001        ADD              R2, R2, #1  ; address2 += 1 }
   31 00000040 EAFFFFF7        B                whlReversing
   32 00000044         endReverse
   33 00000044         
   34 00000044 E59F2024        LDR              R2, =strDst ;address2 = address
                                                             of first value
   35 00000048 E3A01000        MOV              R1, #0      ; count = 0
   36 0000004C         wh10
   37 0000004C E3500064        CMP              R0, #100    ;
   38 00000050 0A000004        BEQ              skipwh
   39 00000054         
   40 00000054 E5D20000        LDRB             R0, [R2]    ;
   41 00000058 EBFFFFFE        BL               sendchar    ;
   42 0000005C E2811001        ADD              R1, R1, #1  ;
   43 00000060 E2822001        ADD              R2, R2, #1  ;
   44 00000064 EAFFFFF8        B                wh10
   45 00000068         skipwh
   46 00000068         
   47 00000068 EAFFFFFE 
                       stop    B                stop
   48 0000006C 00000000 
              00000000 
              00000000         AREA             TestData, DATA, READWRITE



ARM Macro Assembler    Page 2 


   49 00000000         
   50 00000000         
   51 00000000 68 65 6C 
              6C 6F 00 strSrc  DCB              "hello",0
   52 00000006 00 00 00 
              00 00 00 
              00 00 00 
              00 00 00 
              00 00 00 
              00 00 00 
              00 00 00 
              00 00 00 
              00 00 00 
              00 00 00 
              00 00 00 
              00 00 00 
              00 00 00 
              00 00 00 
              00 00 00 
              00 00 00 
              00 00 00 
              00 00 00 
              00 00 00 
              00 00 00 
              00 00 00 
              00 00 00 
              00 00 00 
              00 00 00 
              00 00 00 
              00 00 00 
              00 00 00 
              00 00 00 
              00 00 00 
              00 00 00 
              00 00 00 
              00 00 00 
              00 00 00 
              00 00 00 
              00 00 00 
              00 00 00 
              00 00 00 
              00 00 00 
              00 00 00 
              00 00 00 
              00 00 00 
              00 00 00 
              00 00    strDst  SPACE            128
   53 00000086         
   54 00000086                 END
Command Line: --debug --xref --diag_suppress=9931 --apcs=interwork --depend=.\s
tringreverse.d -o.\stringreverse.o -IC:\Keil_v5\ARM\RV31\INC -IC:\Keil_v5\ARM\C
MSIS\Include -IC:\Keil_v5\ARM\INC\Philips --predefine="__EVAL SETA 1" --predefi
ne="__MICROLIB SETA 1" --predefine="__UVISION_VERSION SETA 524" --predefine="NO
_CLOCK_SETUP SETA 1" --predefine="NO_EMC_SETUP SETA 1" --predefine="RAM_INTVEC 
SETA 1" --predefine="RAM_MODE SETA 1" --predefine="REMAP SETA 1" --list=.\strin
greverse.lst StringReverse.s



ARM Macro Assembler    Page 1 Alphabetic symbol ordering
Relocatable symbols

StringReverse 00000000

Symbol: StringReverse
   Definitions
      At line 1 in file StringReverse.s
   Uses
      None
Comment: StringReverse unused
endReverse 00000044

Symbol: endReverse
   Definitions
      At line 32 in file StringReverse.s
   Uses
      At line 22 in file StringReverse.s
Comment: endReverse used once
endwhl 00000024

Symbol: endwhl
   Definitions
      At line 18 in file StringReverse.s
   Uses
      At line 14 in file StringReverse.s
Comment: endwhl used once
skipwh 00000068

Symbol: skipwh
   Definitions
      At line 45 in file StringReverse.s
   Uses
      At line 38 in file StringReverse.s
Comment: skipwh used once
start 00000000

Symbol: start
   Definitions
      At line 6 in file StringReverse.s
   Uses
      At line 4 in file StringReverse.s
Comment: start used once
stop 00000068

Symbol: stop
   Definitions
      At line 47 in file StringReverse.s
   Uses
      At line 47 in file StringReverse.s
Comment: stop used once
wh10 0000004C

Symbol: wh10
   Definitions
      At line 36 in file StringReverse.s
   Uses
      At line 44 in file StringReverse.s
Comment: wh10 used once
whl 0000000C

Symbol: whl



ARM Macro Assembler    Page 2 Alphabetic symbol ordering
Relocatable symbols

   Definitions
      At line 11 in file StringReverse.s
   Uses
      At line 17 in file StringReverse.s
Comment: whl used once
whlReversing 00000024

Symbol: whlReversing
   Definitions
      At line 20 in file StringReverse.s
   Uses
      At line 31 in file StringReverse.s
Comment: whlReversing used once
9 symbols



ARM Macro Assembler    Page 1 Alphabetic symbol ordering
Relocatable symbols

TestData 00000000

Symbol: TestData
   Definitions
      At line 48 in file StringReverse.s
   Uses
      None
Comment: TestData unused
strDst 00000006

Symbol: strDst
   Definitions
      At line 52 in file StringReverse.s
   Uses
      At line 8 in file StringReverse.s
      At line 34 in file StringReverse.s

strSrc 00000000

Symbol: strSrc
   Definitions
      At line 51 in file StringReverse.s
   Uses
      At line 7 in file StringReverse.s
Comment: strSrc used once
3 symbols



ARM Macro Assembler    Page 1 Alphabetic symbol ordering
External symbols

main 00000000

Symbol: main
   Definitions
      At line 2 in file StringReverse.s
   Uses
      None
Comment: main unused
sendchar 00000000

Symbol: sendchar
   Definitions
      At line 3 in file StringReverse.s
   Uses
      At line 41 in file StringReverse.s
Comment: sendchar used once
2 symbols
354 symbols in table
