


ARM Macro Assembler    Page 1 


    1 00000000                 AREA             Unique, CODE, READONLY
    2 00000000                 IMPORT           main
    3 00000000                 EXPORT           start
    4 00000000         
    5 00000000         start
    6 00000000         
    7 00000000 E59F1060        LDR              R1, =VALUES ;Values = address.V
                                                            ALUES 
    8 00000004 E59F2060        LDR              R2, =COUNT  ;Count = address.CO
                                                            UNT
    9 00000008 E5922000        LDR              R2, [R2]    ;Count = Memory.wor
                                                            d[Count]
   10 0000000C E3A00001        MOV              R0, #1      ;unique = 1
   11 00000010 E3A03000        MOV              R3, #0      ;a = 0
   12 00000014 E3A04004        MOV              R4, #4      ; tmp = 4
   13 00000018 E0020294        MUL              R2, R4, R2  ; countEnd = tmp * 
                                                            count   (or 4 * cou
                                                            nt)
   14 0000001C         whlCMP
   15 0000001C E1530002        CMP              R3, R2      ; while (a != cound
                                                            End){
   16 00000020 0A00000F        BEQ              stopCheck   ;
   17 00000024         
   18 00000024 E0834001        ADD              R4, R3, R1  ; newAddress = valu
                                                            es + a
   19 00000028 E5944000        LDR              R4, [R4]    ; newValue = memory
                                                            .word[newAddress]
   20 0000002C E2833004        ADD              R3, R3, #4  ; a += 4
   21 00000030         
   22 00000030 E1A05003        MOV              R5, R3      ; b = a
   23 00000034         whlCMPT
   24 00000034 E1550002        CMP              R5, R2      ; while(b != countE
                                                            nd){
   25 00000038 0A000008        BEQ              stopwhilTwo
   26 0000003C         
   27 0000003C E0856001        ADD              R6, R5, R1  ; newAddress2 = b +
                                                             values
   28 00000040 E5966000        LDR              R6, [R6]    ; newValue2 = memor
                                                            y.word[newAddress2]
                                                            
   29 00000044 E2855004        ADD              R5, R5, #4  ; b += 4
   30 00000048         
   31 00000048 E1540006        CMP              R4, R6      ; if( newValue2 == 
                                                            newValue){
   32 0000004C 1A000002        BNE              notEQU
   33 00000050 E3A00000        MOV              R0, #0      ; unique = 0
   34 00000054 E1A05002        MOV              R5, R2      ; b = countEnd
   35 00000058 E1A03002        MOV              R3, R2      ; a = countEnd } } 
                                                            }
   36 0000005C         notEQU
   37 0000005C EAFFFFF4        B                whlCMPT
   38 00000060         
   39 00000060         
   40 00000060         stopwhilTwo
   41 00000060 EAFFFFED        B                whlCMP
   42 00000064         stopCheck
   43 00000064         
   44 00000064 EAFFFFFE 
                       stop    B                stop



ARM Macro Assembler    Page 2 


   45 00000068         
   46 00000068         
   47 00000068 00000000 
              00000000         AREA             TestData, DATA, READWRITE
   48 00000000         
   49 00000000 0000000A 
                       COUNT   DCD              10
   50 00000004 00000002 
              00000005 
              00000004 
              00000004 
              0000000D 
              00000032 
              00000012 
              00000008 
              00000009 
              0000000C VALUES  DCD              2, 5, 4, 4, 13, 50, 18, 8, 9, 1
2
   51 0000002C         
   52 0000002C         
   53 0000002C                 END
Command Line: --debug --xref --diag_suppress=9931 --apcs=interwork --depend=.\u
nique.d -o.\unique.o -IC:\Keil_v5\ARM\RV31\INC -IC:\Keil_v5\ARM\CMSIS\Include -
IC:\Keil_v5\ARM\INC\Philips --predefine="__EVAL SETA 1" --predefine="__MICROLIB
 SETA 1" --predefine="__UVISION_VERSION SETA 524" --predefine="NO_CLOCK_SETUP S
ETA 1" --predefine="NO_EMC_SETUP SETA 1" --predefine="RAM_INTVEC SETA 1" --pred
efine="RAM_MODE SETA 1" --predefine="REMAP SETA 1" --list=.\unique.lst Unique.s



ARM Macro Assembler    Page 1 Alphabetic symbol ordering
Relocatable symbols

Unique 00000000

Symbol: Unique
   Definitions
      At line 1 in file Unique.s
   Uses
      None
Comment: Unique unused
notEQU 0000005C

Symbol: notEQU
   Definitions
      At line 36 in file Unique.s
   Uses
      At line 32 in file Unique.s
Comment: notEQU used once
start 00000000

Symbol: start
   Definitions
      At line 5 in file Unique.s
   Uses
      At line 3 in file Unique.s
Comment: start used once
stop 00000064

Symbol: stop
   Definitions
      At line 44 in file Unique.s
   Uses
      At line 44 in file Unique.s
Comment: stop used once
stopCheck 00000064

Symbol: stopCheck
   Definitions
      At line 42 in file Unique.s
   Uses
      At line 16 in file Unique.s
Comment: stopCheck used once
stopwhilTwo 00000060

Symbol: stopwhilTwo
   Definitions
      At line 40 in file Unique.s
   Uses
      At line 25 in file Unique.s
Comment: stopwhilTwo used once
whlCMP 0000001C

Symbol: whlCMP
   Definitions
      At line 14 in file Unique.s
   Uses
      At line 41 in file Unique.s
Comment: whlCMP used once
whlCMPT 00000034

Symbol: whlCMPT



ARM Macro Assembler    Page 2 Alphabetic symbol ordering
Relocatable symbols

   Definitions
      At line 23 in file Unique.s
   Uses
      At line 37 in file Unique.s
Comment: whlCMPT used once
8 symbols



ARM Macro Assembler    Page 1 Alphabetic symbol ordering
Relocatable symbols

COUNT 00000000

Symbol: COUNT
   Definitions
      At line 49 in file Unique.s
   Uses
      At line 8 in file Unique.s
Comment: COUNT used once
TestData 00000000

Symbol: TestData
   Definitions
      At line 47 in file Unique.s
   Uses
      None
Comment: TestData unused
VALUES 00000004

Symbol: VALUES
   Definitions
      At line 50 in file Unique.s
   Uses
      At line 7 in file Unique.s
Comment: VALUES used once
3 symbols



ARM Macro Assembler    Page 1 Alphabetic symbol ordering
External symbols

main 00000000

Symbol: main
   Definitions
      At line 2 in file Unique.s
   Uses
      None
Comment: main unused
1 symbol
352 symbols in table
