


ARM Macro Assembler    Page 1 


    1 00000000                 AREA             AsmTemplate, CODE, READONLY
    2 00000000                 IMPORT           main
    3 00000000         
    4 00000000         ; sample program makes the 4 LEDs P1.16, P1.17, P1.18, P
                       1.19 go on and off in sequence
    5 00000000         ; (c) Mike Brady, 2011 -- 2019.
    6 00000000         
    7 00000000                 EXPORT           start
    8 00000000         start
    9 00000000         
   10 00000000 E0028018 
                       IO1DIR  EQU              0xE0028018
   11 00000000 E0028014 
                       IO1SET  EQU              0xE0028014
   12 00000000 E002801C 
                       IO1CLR  EQU              0xE002801C
   13 00000000 E0028010 
                       IO1PIN  EQU              0xE0028010
   14 00000000 E59F31F0        ldr              r3,=IO1PIN
   15 00000004 E3A07000        LDR              R7,=0       ;
   16 00000008 E3A08000        LDR              R8,=0
   17 0000000C E3A00000        LDR              R0,=0
   18 00000010 E3A09000        LDR              R9,=0       ; last button was +
                                                             on startup
   19 00000014         
   20 00000014         ; r1 points to the SET register
   21 00000014         ; r2 points to the CLEAR register
   22 00000014         while
   23 00000014 E5934000        LDR              R4, [R3]
   24 00000018 E1A04224        MOV              R4, R4, LSR #4 ;
   25 0000001C E3A0580F        LDR              R5,=0x000f0000 ;
   26 00000020 E0254004        EOR              R4, R5, R4
   27 00000024 E0054004        AND              R4, R5, R4
   28 00000028         ;STR R4, [R2];
   29 00000028 E3540000        CMP              R4, #0      ;
   30 0000002C 0AFFFFF8        BEQ              while
   31 00000030 E1A06824        MOV              R6, R4, LSR #16
   32 00000034         
   33 00000034 E3560001        CMP              R6, #1
   34 00000038 1A000000        BNE              notOne
   35 0000003C EA00000A        B                LeftButton
   36 00000040         notOne
   37 00000040 E3560002        CMP              R6, #2
   38 00000044 1A000000        BNE              notTwo
   39 00000048 EA00000C        B                MiddleLeftButton
   40 0000004C         notTwo
   41 0000004C E3560004        CMP              R6, #4
   42 00000050 1A000000        BNE              notFour
   43 00000054 EA00000E        B                MiddleRightButton
   44 00000058         notFour
   45 00000058 E3560008        CMP              R6, #8
   46 0000005C 1A000000        BNE              handled
   47 00000060 EA00001F        B                RightButton
   48 00000064         handled
   49 00000064 EB000053        BL               waitASecond
   50 00000068 EAFFFFE9        B                while
   51 0000006C         
   52 0000006C         ;R0 = number
   53 0000006C         LeftButton



ARM Macro Assembler    Page 2 


   54 0000006C E2800001        ADD              R0, R0, #1
   55 00000070 E59FA184        LDR              R10,= storeNumbers
   56 00000074 E5CA0000        STRB             R0, [R10]
   57 00000078 EB00002D        BL               displayCurrentValue
   58 0000007C EAFFFFF8        B                handled
   59 00000080         ;R0 = number
   60 00000080         MiddleLeftButton
   61 00000080 E2400001        SUB              R0, R0, #1
   62 00000084 E59FA170        LDR              R10,= storeNumbers
   63 00000088 E5CA0000        STRB             R0, [R10]
   64 0000008C EB000028        BL               displayCurrentValue
   65 00000090 EAFFFFF3        B                handled
   66 00000094         ;
   67 00000094         MiddleRightButton
   68 00000094 EB000047        BL               waitASecond
   69 00000098 E5934000        LDR              R4, [R3]
   70 0000009C E1A04224        MOV              R4, R4, LSR #4 ;
   71 000000A0 E3A0580F        LDR              R5,=0x000f0000 ;
   72 000000A4 E0254004        EOR              R4, R5, R4
   73 000000A8 E0054004        AND              R4, R5, R4
   74 000000AC E1A04824        MOV              R4, R4, LSR #16
   75 000000B0 E1540006        CMP              R4, R6
   76 000000B4 0A000048        BEQ              longMiddleRight
   77 000000B8 E3590000        CMP              R9, #0
   78 000000BC 0A000001        BEQ              performAdd
   79 000000C0 E0488000        SUB              R8, R8, R0
   80 000000C4 EA000000        B                subtracted
   81 000000C8         performAdd
   82 000000C8 E0888000        ADD              R8, R8, R0
   83 000000CC         subtracted
   84 000000CC E3A09000        MOV              R9, #0
   85 000000D0 E59FA124        LDR              R10,= storeNumbers
   86 000000D4 E5CA8000        STRB             R8, [R10]
   87 000000D8 E3A00000        MOV              R0, #0
   88 000000DC EB000014        BL               displayCurrentValue
   89 000000E0 EAFFFFDF        B                handled
   90 000000E4         
   91 000000E4         RightButton
   92 000000E4 EB000033        BL               waitASecond
   93 000000E8 E5934000        LDR              R4, [R3]
   94 000000EC E1A04224        MOV              R4, R4, LSR #4 ;
   95 000000F0 E3A0580F        LDR              R5,=0x000f0000 ;
   96 000000F4 E0254004        EOR              R4, R5, R4
   97 000000F8 E0054004        AND              R4, R5, R4
   98 000000FC E1A04824        MOV              R4, R4, LSR #16
   99 00000100 E1540006        CMP              R4, R6
  100 00000104 0A000033        BEQ              longRight
  101 00000108 E3590000        CMP              R9, #0
  102 0000010C 0A000001        BEQ              performAdd2
  103 00000110 E0488000        SUB              R8, R8, R0
  104 00000114 EA000000        B                subtracted2
  105 00000118         performAdd2
  106 00000118 E0888000        ADD              R8, R8, R0
  107 0000011C         subtracted2
  108 0000011C E3A09001        MOV              R9, #1
  109 00000120 E59FA0D4        LDR              R10,= storeNumbers
  110 00000124 E5CA8000        STRB             R8, [R10]
  111 00000128 E3A00000        MOV              R0, #0
  112 0000012C EB000000        BL               displayCurrentValue



ARM Macro Assembler    Page 3 


  113 00000130 EAFFFFCB        B                handled
  114 00000134         
  115 00000134         
  116 00000134         displayCurrentValue
  117 00000134 E92D5FFE        STMFD            sp!, {LR, R1 - R12}
  118 00000138         
  119 00000138 E59F10CC        ldr              r1,=IO1DIR
  120 0000013C E3A0280F        ldr              r2,=0x000f0000 ;select P1.19--P
                                                            1.16
  121 00000140 E5812000        str              r2,[r1]     ;make them outputs
  122 00000144 E59F10C4        ldr              r1,=IO1SET
  123 00000148 E5812000        str              r2,[r1]     ;set them to turn t
                                                            he LEDs off
  124 0000014C E59F20C0        ldr              r2,=IO1CLR
  125 00000150         ;LDR R12,= sign;
  126 00000150         ;LDRB R12, [R12];
  127 00000150         
  128 00000150 E59F60A4        LDR              R6,= storeNumbers
  129 00000154 E5D69000        LDRB             R9, [R6]
  130 00000158         display
  131 00000158 E1A09809        MOV              R9, R9, LSL #16
  132 0000015C E3A0A801        LDR              R10,= 0x00010000
  133 00000160 E3A0B802        LDR              R11,= 0x00020000
  134 00000164 E3A0C701        LDR              R12,= 0x00040000
  135 00000168 E3A05702        LDR              R5,= 0x00080000
  136 0000016C E009A00A        AND              R10, R9, R10
  137 00000170 E009B00B        AND              R11, R9, R11
  138 00000174 E009C00C        AND              R12, R9, R12
  139 00000178 E0095005        AND              R5, R9, R5
  140 0000017C E1A0A18A        MOV              R10, R10, LSL #3
  141 00000180 E1A0B08B        MOV              R11, R11, LSL #1
  142 00000184 E1A0C0AC        MOV              R12, R12, LSR #1
  143 00000188 E1A051A5        MOV              R5, R5, LSR #3
  144 0000018C E3A09000        MOV              R9, #0
  145 00000190 E189900A        ORR              R9, R9,R10
  146 00000194 E189900B        ORR              R9, R9,R11
  147 00000198 E189900C        ORR              R9, R9,R12
  148 0000019C E1899005        ORR              R9, R9,R5
  149 000001A0 E1A03009        MOV              R3, R9
  150 000001A4 E3530000        CMP              R3, #0
  151 000001A8 1A000000        BNE              notZero
  152 000001AC E3A0380F        LDR              R3,=0x000f0000
  153 000001B0         notZero
  154 000001B0 E5823000        str              r3,[r2]     ;clear the bit -> t
                                                            urn on the LED
  155 000001B4 E8BD9FFE        LDMFD            SP!, {PC, R1-R12}
  156 000001B8         
  157 000001B8         ;subroutine which pauses the program for about one secon
                       d
  158 000001B8         waitASecond
  159 000001B8 E92D4008        STMFD            SP!, {LR, R3}
  160 000001BC E59F3058        LDR              r3,=4000000
  161 000001C0         wait
  162 000001C0 E3530000        CMP              R3, #0
  163 000001C4 0A000001        BEQ              stopWaiting
  164 000001C8 E2433001        SUB              R3, R3, #1  ;
  165 000001CC EAFFFFFB        B                wait
  166 000001D0         
  167 000001D0         stopWaiting



ARM Macro Assembler    Page 4 


  168 000001D0 E8BD8008        LDMFD            SP!, {PC, R3}
  169 000001D4         
  170 000001D4         
  171 000001D4         stoplongWaiting
  172 000001D4 E8BD8008        LDMFD            SP!, {PC, R3}
  173 000001D8         
  174 000001D8         
  175 000001D8         longRight
  176 000001D8 EAFFFFFE        B                start
  177 000001DC         
  178 000001DC         
  179 000001DC         longMiddleRight
  180 000001DC E3A09000        LDR              R9,= 0
  181 000001E0 E3A00000        LDR              R0,= 0
  182 000001E4 E59FA010        LDR              R10,= storeNumbers
  183 000001E8 E5CA0000        STRB             R0, [R10]
  184 000001EC EBFFFFD0        BL               displayCurrentValue
  185 000001F0 EAFFFF87        B                while
  186 000001F4         
  187 000001F4 EAFFFFFE 
                       stop    B                stop
  188 000001F8 E0028010 
              00000000 
              00000000 
              00000000 
              00000000 
              E0028018 
              E0028014 
              E002801C 
              00000000 
              003D0900 
              00000000         AREA             Grids, DATA, READWRITE
  189 00000000         storeNumbers
  190 00000000 00              DCB              0
  191 00000001         sign
  192 00000001 00              DCB              0
  193 00000002                 END
Command Line: --debug --xref --diag_suppress=9931 --apcs=interwork --depend=.\a
pp.d -o.\app.o -IC:\Keil_v5\ARM\RV31\INC -IC:\Keil_v5\ARM\CMSIS\Include -IC:\Ke
il_v5\ARM\Inc\Philips --predefine="__MICROLIB SETA 1" --predefine="__UVISION_VE
RSION SETA 516" --list=.\listings\app.lst App.s



ARM Macro Assembler    Page 1 Alphabetic symbol ordering
Relocatable symbols

AsmTemplate 00000000

Symbol: AsmTemplate
   Definitions
      At line 1 in file App.s
   Uses
      None
Comment: AsmTemplate unused
LeftButton 0000006C

Symbol: LeftButton
   Definitions
      At line 53 in file App.s
   Uses
      At line 35 in file App.s
Comment: LeftButton used once
MiddleLeftButton 00000080

Symbol: MiddleLeftButton
   Definitions
      At line 60 in file App.s
   Uses
      At line 39 in file App.s
Comment: MiddleLeftButton used once
MiddleRightButton 00000094

Symbol: MiddleRightButton
   Definitions
      At line 67 in file App.s
   Uses
      At line 43 in file App.s
Comment: MiddleRightButton used once
RightButton 000000E4

Symbol: RightButton
   Definitions
      At line 91 in file App.s
   Uses
      At line 47 in file App.s
Comment: RightButton used once
display 00000158

Symbol: display
   Definitions
      At line 130 in file App.s
   Uses
      None
Comment: display unused
displayCurrentValue 00000134

Symbol: displayCurrentValue
   Definitions
      At line 116 in file App.s
   Uses
      At line 57 in file App.s
      At line 64 in file App.s
      At line 88 in file App.s
      At line 112 in file App.s
      At line 184 in file App.s



ARM Macro Assembler    Page 2 Alphabetic symbol ordering
Relocatable symbols


handled 00000064

Symbol: handled
   Definitions
      At line 48 in file App.s
   Uses
      At line 46 in file App.s
      At line 58 in file App.s
      At line 65 in file App.s
      At line 89 in file App.s
      At line 113 in file App.s

longMiddleRight 000001DC

Symbol: longMiddleRight
   Definitions
      At line 179 in file App.s
   Uses
      At line 76 in file App.s
Comment: longMiddleRight used once
longRight 000001D8

Symbol: longRight
   Definitions
      At line 175 in file App.s
   Uses
      At line 100 in file App.s
Comment: longRight used once
notFour 00000058

Symbol: notFour
   Definitions
      At line 44 in file App.s
   Uses
      At line 42 in file App.s
Comment: notFour used once
notOne 00000040

Symbol: notOne
   Definitions
      At line 36 in file App.s
   Uses
      At line 34 in file App.s
Comment: notOne used once
notTwo 0000004C

Symbol: notTwo
   Definitions
      At line 40 in file App.s
   Uses
      At line 38 in file App.s
Comment: notTwo used once
notZero 000001B0

Symbol: notZero
   Definitions
      At line 153 in file App.s
   Uses



ARM Macro Assembler    Page 3 Alphabetic symbol ordering
Relocatable symbols

      At line 151 in file App.s
Comment: notZero used once
performAdd 000000C8

Symbol: performAdd
   Definitions
      At line 81 in file App.s
   Uses
      At line 78 in file App.s
Comment: performAdd used once
performAdd2 00000118

Symbol: performAdd2
   Definitions
      At line 105 in file App.s
   Uses
      At line 102 in file App.s
Comment: performAdd2 used once
start 00000000

Symbol: start
   Definitions
      At line 8 in file App.s
   Uses
      At line 7 in file App.s
      At line 176 in file App.s

stop 000001F4

Symbol: stop
   Definitions
      At line 187 in file App.s
   Uses
      At line 187 in file App.s
Comment: stop used once
stopWaiting 000001D0

Symbol: stopWaiting
   Definitions
      At line 167 in file App.s
   Uses
      At line 163 in file App.s
Comment: stopWaiting used once
stoplongWaiting 000001D4

Symbol: stoplongWaiting
   Definitions
      At line 171 in file App.s
   Uses
      None
Comment: stoplongWaiting unused
subtracted 000000CC

Symbol: subtracted
   Definitions
      At line 83 in file App.s
   Uses
      At line 80 in file App.s
Comment: subtracted used once



ARM Macro Assembler    Page 4 Alphabetic symbol ordering
Relocatable symbols

subtracted2 0000011C

Symbol: subtracted2
   Definitions
      At line 107 in file App.s
   Uses
      At line 104 in file App.s
Comment: subtracted2 used once
wait 000001C0

Symbol: wait
   Definitions
      At line 161 in file App.s
   Uses
      At line 165 in file App.s
Comment: wait used once
waitASecond 000001B8

Symbol: waitASecond
   Definitions
      At line 158 in file App.s
   Uses
      At line 49 in file App.s
      At line 68 in file App.s
      At line 92 in file App.s

while 00000014

Symbol: while
   Definitions
      At line 22 in file App.s
   Uses
      At line 30 in file App.s
      At line 50 in file App.s
      At line 185 in file App.s

25 symbols



ARM Macro Assembler    Page 1 Alphabetic symbol ordering
Relocatable symbols

Grids 00000000

Symbol: Grids
   Definitions
      At line 188 in file App.s
   Uses
      None
Comment: Grids unused
sign 00000001

Symbol: sign
   Definitions
      At line 191 in file App.s
   Uses
      None
Comment: sign unused
storeNumbers 00000000

Symbol: storeNumbers
   Definitions
      At line 189 in file App.s
   Uses
      At line 55 in file App.s
      At line 62 in file App.s
      At line 85 in file App.s
      At line 109 in file App.s
      At line 128 in file App.s
      At line 182 in file App.s

3 symbols



ARM Macro Assembler    Page 1 Alphabetic symbol ordering
Absolute symbols

IO1CLR E002801C

Symbol: IO1CLR
   Definitions
      At line 12 in file App.s
   Uses
      At line 124 in file App.s
Comment: IO1CLR used once
IO1DIR E0028018

Symbol: IO1DIR
   Definitions
      At line 10 in file App.s
   Uses
      At line 119 in file App.s
Comment: IO1DIR used once
IO1PIN E0028010

Symbol: IO1PIN
   Definitions
      At line 13 in file App.s
   Uses
      At line 14 in file App.s
Comment: IO1PIN used once
IO1SET E0028014

Symbol: IO1SET
   Definitions
      At line 11 in file App.s
   Uses
      At line 122 in file App.s
Comment: IO1SET used once
4 symbols



ARM Macro Assembler    Page 1 Alphabetic symbol ordering
External symbols

main 00000000

Symbol: main
   Definitions
      At line 2 in file App.s
   Uses
      None
Comment: main unused
1 symbol
367 symbols in table
