


ARM Macro Assembler    Page 1 


    1 00000000                 AREA             Countdown, CODE, READONLY
    2 00000000                 IMPORT           main
    3 00000000                 EXPORT           start
    4 00000000         
    5 00000000         start
    6 00000000 E59F106C        LDR              R1, =cdWord ; adrW = load addre
                                                            ss of letters cdWor
                                                            d
    7 00000004 E59F206C        LDR              R2, =cdLetters ; adrL = load ad
                                                            dress of letters cd
                                                            Letters
    8 00000008         
    9 00000008 E3A00001        LDR              R0,= 1      ; wordIsPossible = 
                                                            true
   10 0000000C E3A03001        LDR              R3, =1      ; eW = 1 //to make 
                                                            sure it is not equa
                                                            l to 0 for going th
                                                            rough while loop th
                                                            e first time
   11 00000010         
   12 00000010         wh1
   13 00000010 E3530000        CMP              R3, #0      ; while(eW != 0){
   14 00000014 0A000015        BEQ              endwh1
   15 00000018 E5D13000        LDRB             R3, [R1]    ; eW = Memory.byte[
                                                            adrW]
   16 0000001C E2811001        ADD              R1, R1, #1  ; adrW++
   17 00000020         
   18 00000020 E3A04001        LDR              R4,= 1      ; eL = 1  //to make
                                                             sure it is not equ
                                                            al to 0 for going t
                                                            hrough while loop t
                                                            he first time
   19 00000024 E59F204C        LDR              R2, =cdLetters ; adrL = reset t
                                                            o first adress
   20 00000028         
   21 00000028         wh2
   22 00000028 E3540000        CMP              R4, #0      ; while (eL != 0)
   23 0000002C 0A00000A        BEQ              endwh2      ;{
   24 00000030 E3530000        CMP              R3, #0      ;
   25 00000034 1A000000        BNE              eWnotZero   ;
   26 00000038 EA000007        B                endwh2      ;
   27 0000003C         eWnotZero
   28 0000003C E5D24000        LDRB             R4, [R2]    ; eL = [adrL]
   29 00000040         
   30 00000040 E1530004        CMP              R3, R4      ; if(eW == eL){
   31 00000044 1A000002        BNE              skipif
   32 00000048 E3A0A024        MOV              R10, #'$'   ; [adrL] = '$' 
   33 0000004C E5C2A000        STRB             R10, [R2]   ; and end while loo
                                                            p for letters value
                                                            s}
   34 00000050 EA000001        B                endwh2      ; }
   35 00000054         skipif
   36 00000054 E2822001        ADD              R2, R2, #1  ;  adrL++ }
   37 00000058 EAFFFFF2        B                wh2
   38 0000005C         endwh2
   39 0000005C         
   40 0000005C E3540000        CMP              R4, #0      ; if(eL == 0){
   41 00000060 1A000001        BNE              skipEnd
   42 00000064 E3A00000        MOV              R0, #0      ;  wordIsPossible =



ARM Macro Assembler    Page 2 


                                                             false
   43 00000068 EA000000        B                endwh1      ; end program}
   44 0000006C         skipEnd                              ;
   45 0000006C EAFFFFE7        B                wh1
   46 00000070         endwh1
   47 00000070 EAFFFFFE 
                       stop    B                stop
   48 00000074         
   49 00000074         
   50 00000074         
   51 00000074 00000000 
              00000000 
              00000000         AREA             TestData, DATA, READWRITE
   52 00000000         
   53 00000000         cdWord
   54 00000000 68 65 6C 
              6C 6F 00         DCB              "hello",0
   55 00000006         
   56 00000006         cdLetters
   57 00000006 61 62 63 
              64 65 00         DCB              "abcde",0
   58 0000000C         
   59 0000000C                 END
Command Line: --debug --xref --diag_suppress=9931 --apcs=interwork --depend=.\c
ountdown.d -o.\countdown.o -IC:\Keil_v5\ARM\RV31\INC -IC:\Keil_v5\ARM\CMSIS\Inc
lude -IC:\Keil_v5\ARM\INC\Philips --predefine="__EVAL SETA 1" --predefine="__MI
CROLIB SETA 1" --predefine="__UVISION_VERSION SETA 524" --predefine="NO_CLOCK_S
ETUP SETA 1" --predefine="NO_EMC_SETUP SETA 1" --predefine="RAM_INTVEC SETA 1" 
--predefine="RAM_MODE SETA 1" --predefine="REMAP SETA 1" --list=.\countdown.lst
 Countdown.s



ARM Macro Assembler    Page 1 Alphabetic symbol ordering
Relocatable symbols

Countdown 00000000

Symbol: Countdown
   Definitions
      At line 1 in file Countdown.s
   Uses
      None
Comment: Countdown unused
eWnotZero 0000003C

Symbol: eWnotZero
   Definitions
      At line 27 in file Countdown.s
   Uses
      At line 25 in file Countdown.s
Comment: eWnotZero used once
endwh1 00000070

Symbol: endwh1
   Definitions
      At line 46 in file Countdown.s
   Uses
      At line 14 in file Countdown.s
      At line 43 in file Countdown.s

endwh2 0000005C

Symbol: endwh2
   Definitions
      At line 38 in file Countdown.s
   Uses
      At line 23 in file Countdown.s
      At line 26 in file Countdown.s
      At line 34 in file Countdown.s

skipEnd 0000006C

Symbol: skipEnd
   Definitions
      At line 44 in file Countdown.s
   Uses
      At line 41 in file Countdown.s
Comment: skipEnd used once
skipif 00000054

Symbol: skipif
   Definitions
      At line 35 in file Countdown.s
   Uses
      At line 31 in file Countdown.s
Comment: skipif used once
start 00000000

Symbol: start
   Definitions
      At line 5 in file Countdown.s
   Uses
      At line 3 in file Countdown.s
Comment: start used once



ARM Macro Assembler    Page 2 Alphabetic symbol ordering
Relocatable symbols

stop 00000070

Symbol: stop
   Definitions
      At line 47 in file Countdown.s
   Uses
      At line 47 in file Countdown.s
Comment: stop used once
wh1 00000010

Symbol: wh1
   Definitions
      At line 12 in file Countdown.s
   Uses
      At line 45 in file Countdown.s
Comment: wh1 used once
wh2 00000028

Symbol: wh2
   Definitions
      At line 21 in file Countdown.s
   Uses
      At line 37 in file Countdown.s
Comment: wh2 used once
10 symbols



ARM Macro Assembler    Page 1 Alphabetic symbol ordering
Relocatable symbols

TestData 00000000

Symbol: TestData
   Definitions
      At line 51 in file Countdown.s
   Uses
      None
Comment: TestData unused
cdLetters 00000006

Symbol: cdLetters
   Definitions
      At line 56 in file Countdown.s
   Uses
      At line 7 in file Countdown.s
      At line 19 in file Countdown.s

cdWord 00000000

Symbol: cdWord
   Definitions
      At line 53 in file Countdown.s
   Uses
      At line 6 in file Countdown.s
Comment: cdWord used once
3 symbols



ARM Macro Assembler    Page 1 Alphabetic symbol ordering
External symbols

main 00000000

Symbol: main
   Definitions
      At line 2 in file Countdown.s
   Uses
      None
Comment: main unused
1 symbol
354 symbols in table
